0 info it worked if it ends with ok
1 verbose cli [ 'node',
1 verbose cli   '/usr/local/bin/npm',
1 verbose cli   'install',
1 verbose cli   'font-awesome',
1 verbose cli   '--save' ]
2 info using npm@1.2.30
3 info using node@v0.10.11
4 verbose read json /Users/nikolay/code/nodejs/sunflower/package.json
5 warn package.json nodejs@0.0.0 No repository field.
6 warn package.json nodejs@0.0.0 No readme data.
7 verbose read json /Users/nikolay/code/nodejs/sunflower/node_modules/grunt/package.json
8 verbose read json /Users/nikolay/code/nodejs/sunflower/node_modules/grunt-autoprefixer/package.json
9 verbose read json /Users/nikolay/code/nodejs/sunflower/node_modules/grunt-concurrent/package.json
10 verbose read json /Users/nikolay/code/nodejs/sunflower/node_modules/grunt-contrib-clean/package.json
11 verbose read json /Users/nikolay/code/nodejs/sunflower/node_modules/grunt-contrib-coffee/package.json
12 verbose read json /Users/nikolay/code/nodejs/sunflower/node_modules/grunt-contrib-compass/package.json
13 verbose read json /Users/nikolay/code/nodejs/sunflower/node_modules/grunt-contrib-concat/package.json
14 verbose read json /Users/nikolay/code/nodejs/sunflower/node_modules/grunt-contrib-connect/package.json
15 verbose read json /Users/nikolay/code/nodejs/sunflower/node_modules/grunt-contrib-copy/package.json
16 verbose read json /Users/nikolay/code/nodejs/sunflower/node_modules/grunt-contrib-cssmin/package.json
17 verbose read json /Users/nikolay/code/nodejs/sunflower/node_modules/grunt-contrib-htmlmin/package.json
18 verbose read json /Users/nikolay/code/nodejs/sunflower/node_modules/grunt-contrib-imagemin/package.json
19 verbose read json /Users/nikolay/code/nodejs/sunflower/node_modules/grunt-contrib-jshint/package.json
20 verbose read json /Users/nikolay/code/nodejs/sunflower/node_modules/grunt-contrib-uglify/package.json
21 verbose read json /Users/nikolay/code/nodejs/sunflower/node_modules/grunt-contrib-watch/package.json
22 verbose read json /Users/nikolay/code/nodejs/sunflower/node_modules/grunt-google-cdn/package.json
23 verbose read json /Users/nikolay/code/nodejs/sunflower/node_modules/grunt-karma/package.json
24 verbose read json /Users/nikolay/code/nodejs/sunflower/node_modules/grunt-ngmin/package.json
25 verbose read json /Users/nikolay/code/nodejs/sunflower/node_modules/grunt-rev/package.json
26 verbose read json /Users/nikolay/code/nodejs/sunflower/node_modules/grunt-svgmin/package.json
27 verbose read json /Users/nikolay/code/nodejs/sunflower/node_modules/grunt-usemin/package.json
28 verbose read json /Users/nikolay/code/nodejs/sunflower/node_modules/jshint-stylish/package.json
29 verbose read json /Users/nikolay/code/nodejs/sunflower/node_modules/karma/package.json
30 verbose read json /Users/nikolay/code/nodejs/sunflower/node_modules/karma-chrome-launcher/package.json
31 verbose read json /Users/nikolay/code/nodejs/sunflower/node_modules/karma-coffee-preprocessor/package.json
32 verbose read json /Users/nikolay/code/nodejs/sunflower/node_modules/karma-firefox-launcher/package.json
33 verbose read json /Users/nikolay/code/nodejs/sunflower/node_modules/karma-html2js-preprocessor/package.json
34 verbose read json /Users/nikolay/code/nodejs/sunflower/node_modules/karma-jasmine/package.json
35 verbose read json /Users/nikolay/code/nodejs/sunflower/node_modules/karma-ng-html2js-preprocessor/package.json
36 verbose read json /Users/nikolay/code/nodejs/sunflower/node_modules/karma-ng-scenario/package.json
37 verbose read json /Users/nikolay/code/nodejs/sunflower/node_modules/karma-phantomjs-launcher/package.json
38 verbose read json /Users/nikolay/code/nodejs/sunflower/node_modules/karma-requirejs/package.json
39 verbose read json /Users/nikolay/code/nodejs/sunflower/node_modules/karma-script-launcher/package.json
40 verbose read json /Users/nikolay/code/nodejs/sunflower/node_modules/load-grunt-tasks/package.json
41 verbose read json /Users/nikolay/code/nodejs/sunflower/node_modules/requirejs/package.json
42 verbose read json /Users/nikolay/code/nodejs/sunflower/node_modules/time-grunt/package.json
43 verbose from cache /Users/nikolay/code/nodejs/sunflower/package.json
44 verbose readDependencies using package.json deps
45 verbose cache add [ 'font-awesome', null ]
46 verbose cache add name=undefined spec="font-awesome" args=["font-awesome",null]
47 verbose parsed url { protocol: null,
47 verbose parsed url   slashes: null,
47 verbose parsed url   auth: null,
47 verbose parsed url   host: null,
47 verbose parsed url   port: null,
47 verbose parsed url   hostname: null,
47 verbose parsed url   hash: null,
47 verbose parsed url   search: null,
47 verbose parsed url   query: null,
47 verbose parsed url   pathname: 'font-awesome',
47 verbose parsed url   path: 'font-awesome',
47 verbose parsed url   href: 'font-awesome' }
48 silly lockFile 17645f7a-font-awesome font-awesome
49 verbose lock font-awesome /Users/nikolay/.npm/17645f7a-font-awesome.lock
50 silly lockFile 17645f7a-font-awesome font-awesome
51 silly lockFile 17645f7a-font-awesome font-awesome
52 verbose addNamed [ 'font-awesome', '' ]
53 verbose addNamed [ null, '' ]
54 silly lockFile 86ae45a4-font-awesome font-awesome@
55 verbose lock font-awesome@ /Users/nikolay/.npm/86ae45a4-font-awesome.lock
56 silly addNameRange { name: 'font-awesome', range: '', hasData: false }
57 verbose url raw font-awesome
58 verbose url resolving [ 'https://registry.npmjs.org/', './font-awesome' ]
59 verbose url resolved https://registry.npmjs.org/font-awesome
60 info trying registry request attempt 1 at 13:36:17
61 verbose etag "6EX25N7VSY93DLR3EQMZ5LQ30"
62 http GET https://registry.npmjs.org/font-awesome
63 http 304 https://registry.npmjs.org/font-awesome
64 silly registry.get cb [ 304,
64 silly registry.get   { server: 'CouchDB/1.5.0 (Erlang OTP/R15B03)',
64 silly registry.get     etag: '"6EX25N7VSY93DLR3EQMZ5LQ30"',
64 silly registry.get     date: 'Tue, 03 Dec 2013 21:36:17 GMT',
64 silly registry.get     'content-length': '0' } ]
65 verbose etag font-awesome from cache
66 silly addNameRange number 2 { name: 'font-awesome', range: '', hasData: true }
67 silly addNameRange versions [ 'font-awesome', [ '3.2.1' ] ]
68 verbose addNamed [ 'font-awesome', '3.2.1' ]
69 verbose addNamed [ '3.2.1', '3.2.1' ]
70 silly lockFile 8d850ca0-font-awesome-3-2-1 font-awesome@3.2.1
71 verbose lock font-awesome@3.2.1 /Users/nikolay/.npm/8d850ca0-font-awesome-3-2-1.lock
72 verbose read json /Users/nikolay/.npm/font-awesome/3.2.1/package/package.json
73 silly lockFile 8d850ca0-font-awesome-3-2-1 font-awesome@3.2.1
74 silly lockFile 8d850ca0-font-awesome-3-2-1 font-awesome@3.2.1
75 silly lockFile 86ae45a4-font-awesome font-awesome@
76 silly lockFile 86ae45a4-font-awesome font-awesome@
77 silly resolved [ { name: 'font-awesome',
77 silly resolved     description: 'The iconic font designed for Bootstrap',
77 silly resolved     version: '3.2.1',
77 silly resolved     keywords: [ 'font', 'awesome', 'fontawesome', 'icon', 'font', 'bootstrap' ],
77 silly resolved     homepage: 'http://fontawesome.io/',
77 silly resolved     author:
77 silly resolved      { name: 'Dave Gandy',
77 silly resolved        email: 'dave@fontawesome.io',
77 silly resolved        url: 'http://twitter.com/davegandy' },
77 silly resolved     repository:
77 silly resolved      { type: 'git',
77 silly resolved        url: 'https://github.com/FortAwesome/Font-Awesome.git' },
77 silly resolved     contributors: [ [Object], [Object], [Object] ],
77 silly resolved     licenses: [ [Object], [Object] ],
77 silly resolved     dependencies: { jekyll: '1.0.2', lessc: '1.3.3' },
77 silly resolved     readme: '#[Font Awesome v3.2.1](http://fontawesome.io)\n###the iconic font designed for Bootstrap\n\nFont Awesome is a full suite of 361 pictographic icons for easy scalable vector graphics on websites, created and\nmaintained by [Dave Gandy](http://twitter.com/davegandy). Stay up to date [@fontawesome](http://twitter.com/fontawesome).\n\nGet started at http://fontawesome.io!\n\n##License\n- The Font Awesome font is licensed under the SIL OFL 1.1:\n  - http://scripts.sil.org/OFL\n- Font Awesome CSS, LESS, and SASS files are licensed under the MIT License:\n  - http://opensource.org/licenses/mit-license.html\n- The Font Awesome documentation is licensed under the CC BY 3.0 License:\n  - http://creativecommons.org/licenses/by/3.0/\n- Attribution is no longer required as of Font Awesome 3.0, but much appreciated:\n  - `Font Awesome by Dave Gandy - http://fontawesome.io`\n- Full details: http://fontawesome.io/license\n\n##Changelog\n- v3.0.0 - all icons redesigned from scratch, optimized for Bootstrap\'s 14px default\n- v3.0.1 - much improved rendering in webkit, various bug fixes\n- v3.0.2 - much improved rendering and alignment in IE7\n- v3.1.0 - Added 54 icons, icon stacking styles, flipping and rotating icons, removed SASS support\n- [v3.1.1 GitHub milestones](https://github.com/FortAwesome/Font-Awesome/issues?milestone=4&page=1&state=closed)\n- [v3.2.0 GitHub milestones](https://github.com/FortAwesome/Font-Awesome/issues?milestone=3&page=1&state=closed)\n- [v3.2.1 GitHub milestones](https://github.com/FortAwesome/Font-Awesome/issues?milestone=5&page=1&state=closed)\n\n##Versioning\n\nFont Awesome will be maintained under the Semantic Versioning guidelines as much as possible. Releases will be numbered with the following format:\n\n`<major>.<minor>.<patch>`\n\nAnd constructed with the following guidelines:\n\n* Breaking backward compatibility bumps the major (and resets the minor and patch)\n* New additions, including new icons, without breaking backward compatibility bumps the minor (and resets the patch)\n* Bug fixes and misc changes bumps the patch\n\nFor more information on SemVer, please visit http://semver.org.\n\n##Author\n- Email: dave@fontawesome.io\n- Twitter: http://twitter.com/davegandy\n- GitHub: https://github.com/davegandy\n- Work: Lead Product Designer @ http://kyru.us\n\n## Hacking on Font Awesome\n\nFrom the root of the repository, install the tools used to develop.\n\n    $ bundle install\n    $ npm install\n\nBuild the project and documentation:\n\n    $ bundle exec jekyll build\n\nOr serve it on a local server on http://localhost:7998/Font-Awesome/:\n\n    $ bundle exec jekyll serve\n',
77 silly resolved     readmeFilename: 'README.md',
77 silly resolved     bugs: { url: 'https://github.com/FortAwesome/Font-Awesome/issues' },
77 silly resolved     _id: 'font-awesome@3.2.1',
77 silly resolved     _from: 'font-awesome@' } ]
78 info install font-awesome@3.2.1 into /Users/nikolay/code/nodejs/sunflower
79 info installOne font-awesome@3.2.1
80 verbose from cache /Users/nikolay/.npm/font-awesome/3.2.1/package/package.json
81 info /Users/nikolay/code/nodejs/sunflower/node_modules/font-awesome unbuild
82 verbose read json /Users/nikolay/code/nodejs/sunflower/node_modules/font-awesome/package.json
83 verbose tar unpack /Users/nikolay/.npm/font-awesome/3.2.1/package.tgz
84 silly lockFile 3857023a-flower-node-modules-font-awesome tar:///Users/nikolay/code/nodejs/sunflower/node_modules/font-awesome
85 verbose lock tar:///Users/nikolay/code/nodejs/sunflower/node_modules/font-awesome /Users/nikolay/.npm/3857023a-flower-node-modules-font-awesome.lock
86 silly lockFile 1aef356f-m-font-awesome-3-2-1-package-tgz tar:///Users/nikolay/.npm/font-awesome/3.2.1/package.tgz
87 verbose lock tar:///Users/nikolay/.npm/font-awesome/3.2.1/package.tgz /Users/nikolay/.npm/1aef356f-m-font-awesome-3-2-1-package-tgz.lock
88 silly gunzTarPerm modes [ '755', '644' ]
89 silly gunzTarPerm extractEntry package.json
90 silly gunzTarPerm extractEntry .npmignore
91 silly gunzTarPerm extractEntry README.md
92 silly gunzTarPerm extractEntry Gemfile
93 silly gunzTarPerm extractEntry Gemfile.lock
94 silly gunzTarPerm extractEntry src/design.html
95 silly gunzTarPerm extractEntry src/CNAME
96 silly gunzTarPerm extractEntry src/_includes/jumbotron-slider.html
97 silly gunzTarPerm extractEntry src/_includes/ads/carbon-dark-vertical.html
98 silly gunzTarPerm extractEntry src/_includes/ads/carbon-light-horizontal.html
99 silly gunzTarPerm extractEntry src/_includes/ads/carbon-light-vertical.html
100 silly gunzTarPerm extractEntry src/_includes/cheatsheet.html
101 silly gunzTarPerm extractEntry src/_includes/community/getting-support.html
102 silly gunzTarPerm extractEntry src/_includes/community/project-milestones.html
103 silly gunzTarPerm extractEntry src/_includes/community/reporting-bugs.html
104 silly gunzTarPerm extractEntry src/_includes/community/requesting-new-icons.html
105 silly gunzTarPerm extractEntry src/_includes/community/submitting-pull-requests.html
106 silly gunzTarPerm extractEntry src/_includes/community.html
107 silly gunzTarPerm extractEntry src/_includes/examples/form-inputs.html
108 silly gunzTarPerm extractEntry src/_includes/examples/animated-spinner.html
109 silly gunzTarPerm extractEntry src/_includes/examples/bulleted-lists.html
110 silly gunzTarPerm extractEntry src/_includes/examples/button-dropdowns.html
111 silly gunzTarPerm extractEntry src/_includes/examples/button-groups.html
112 silly gunzTarPerm extractEntry src/_includes/examples/buttons.html
113 silly gunzTarPerm extractEntry src/_includes/examples/custom.html
114 silly gunzTarPerm extractEntry src/_includes/examples/bordered-pulled.html
115 silly gunzTarPerm extractEntry src/_includes/examples/inline-icons.html
116 silly gunzTarPerm extractEntry src/_includes/examples/larger-icons.html
117 silly gunzTarPerm extractEntry src/_includes/examples/navigation.html
118 silly gunzTarPerm extractEntry src/_includes/examples/new.html
119 silly gunzTarPerm extractEntry src/_includes/examples/rotated-flipped.html
120 silly gunzTarPerm extractEntry src/_includes/examples/stacked.html
121 silly gunzTarPerm extractEntry src/_includes/examples.html
122 silly gunzTarPerm extractEntry src/_includes/footer.html
123 silly gunzTarPerm extractEntry src/_includes/get-started.html
124 silly gunzTarPerm extractEntry src/_includes/icons/brand.html
125 silly gunzTarPerm extractEntry src/_includes/icons/currency.html
126 silly gunzTarPerm extractEntry src/_includes/icons/directional.html
127 silly gunzTarPerm extractEntry src/_includes/icons/medical.html
128 silly gunzTarPerm extractEntry src/_includes/icons/new.html
129 silly gunzTarPerm extractEntry src/_includes/icons/text-editor.html
130 silly gunzTarPerm extractEntry src/_includes/icons/video-player.html
131 silly gunzTarPerm extractEntry src/_includes/icons/web-application.html
132 silly gunzTarPerm extractEntry src/_includes/icons.html
133 silly gunzTarPerm extractEntry src/_includes/brand-license.html
134 silly gunzTarPerm extractEntry src/_includes/jumbotron.html
135 silly gunzTarPerm extractEntry src/_includes/license-code.less
136 silly gunzTarPerm extractEntry src/_includes/license.html
137 silly gunzTarPerm extractEntry src/_includes/navbar.html
138 silly gunzTarPerm extractEntry src/_includes/stripe-ad.html
139 silly gunzTarPerm extractEntry src/_includes/stripe-social.html
140 silly gunzTarPerm extractEntry src/_includes/tell-me-thanks.html
141 silly gunzTarPerm extractEntry src/_includes/tests/rotated-flipped-inside-anchor.html
142 silly gunzTarPerm extractEntry src/_includes/tests/rotated-flipped-inside-btn.html
143 silly gunzTarPerm extractEntry src/_includes/tests/rotated-flipped.html
144 silly gunzTarPerm extractEntry src/_includes/tests/stacked-inside-anchor.html
145 silly gunzTarPerm extractEntry src/_includes/tests/stacked.html
146 silly gunzTarPerm extractEntry src/_includes/thanks-to.html
147 silly gunzTarPerm extractEntry src/_includes/whats-new.html
148 silly gunzTarPerm extractEntry src/_includes/why.html
149 silly gunzTarPerm extractEntry src/_layouts/base.html
150 silly gunzTarPerm extractEntry src/_layouts/icon.html
151 silly gunzTarPerm extractEntry src/_plugins/icon_page_generator.rb
152 silly gunzTarPerm extractEntry src/_plugins/site.rb
153 silly gunzTarPerm extractEntry src/assets/css/prettify.css
154 silly gunzTarPerm extractEntry src/assets/css/pygments.css
155 silly gunzTarPerm extractEntry src/assets/font-awesome/font/FontAwesome.otf
156 silly gunzTarPerm extractEntry src/assets/font-awesome/font/fontawesome-webfont.eot
157 silly gunzTarPerm extractEntry src/assets/font-awesome/font/fontawesome-webfont.svg
158 silly gunzTarPerm extractEntry src/assets/font-awesome/font/fontawesome-webfont.ttf
159 silly gunzTarPerm extractEntry src/assets/font-awesome/font/fontawesome-webfont.woff
160 silly gunzTarPerm extractEntry src/assets/font-awesome/less/bootstrap.less
161 silly gunzTarPerm extractEntry src/assets/font-awesome/less/core.less
162 silly gunzTarPerm extractEntry src/assets/font-awesome/less/extras.less
163 silly gunzTarPerm extractEntry src/assets/font-awesome/less/font-awesome-ie7.less
164 silly gunzTarPerm extractEntry src/assets/font-awesome/less/font-awesome.less
165 silly gunzTarPerm extractEntry src/assets/font-awesome/less/icons.less
166 silly gunzTarPerm extractEntry src/assets/font-awesome/less/mixins.less
167 silly gunzTarPerm extractEntry src/assets/font-awesome/less/path.less
168 silly gunzTarPerm extractEntry src/assets/font-awesome/less/variables.less
169 silly gunzTarPerm extractEntry src/assets/font-awesome/scss/_bootstrap.scss
170 silly gunzTarPerm extractEntry src/assets/font-awesome/scss/_core.scss
171 silly gunzTarPerm extractEntry src/assets/font-awesome/scss/_extras.scss
172 silly gunzTarPerm extractEntry src/assets/font-awesome/scss/_icons.scss
173 silly gunzTarPerm extractEntry src/assets/font-awesome/scss/_mixins.scss
174 silly gunzTarPerm extractEntry src/assets/font-awesome/scss/_path.scss
175 silly gunzTarPerm extractEntry src/assets/font-awesome/scss/_variables.scss
176 silly gunzTarPerm extractEntry src/assets/font-awesome/scss/font-awesome-ie7.scss
177 silly gunzTarPerm extractEntry src/assets/font-awesome/scss/font-awesome.scss
178 silly gunzTarPerm extractEntry src/assets/ico/favicon.ico
179 silly gunzTarPerm extractEntry src/assets/img/contribution-sample.png
180 silly gunzTarPerm extractEntry src/assets/img/fort_awesome.jpg
181 silly gunzTarPerm extractEntry src/assets/img/glyphicons-halflings-white.png
182 silly gunzTarPerm extractEntry src/assets/img/glyphicons-halflings.png
183 silly gunzTarPerm extractEntry src/assets/img/icon-flag.pdf
184 silly gunzTarPerm extractEntry src/assets/js/ZeroClipboard-1.1.7.min.js
185 silly gunzTarPerm extractEntry src/assets/js/backbone.min.js
186 silly gunzTarPerm extractEntry src/assets/js/bootstrap-2.3.1.min.js
187 silly gunzTarPerm extractEntry src/assets/js/bootstrap-222.min.js
188 silly gunzTarPerm extractEntry src/assets/js/jquery-1.7.1.min.js
189 silly gunzTarPerm extractEntry src/assets/js/prettify.min.js
190 silly gunzTarPerm extractEntry src/assets/js/site.js
191 silly gunzTarPerm extractEntry src/assets/js/underscore.min.js
192 silly gunzTarPerm extractEntry src/assets/js/ZeroClipboard-1.1.7.swf
193 silly gunzTarPerm extractEntry src/assets/less/responsive-768px-979px.less
194 silly gunzTarPerm extractEntry src/assets/less/bootstrap-2.3.2/navs.less
195 silly gunzTarPerm extractEntry src/assets/less/bootstrap-2.3.2/accordion.less
196 silly gunzTarPerm extractEntry src/assets/less/bootstrap-2.3.2/bootstrap.less
197 silly gunzTarPerm extractEntry src/assets/less/bootstrap-2.3.2/breadcrumbs.less
198 silly gunzTarPerm extractEntry src/assets/less/bootstrap-2.3.2/button-groups.less
199 silly gunzTarPerm extractEntry src/assets/less/bootstrap-2.3.2/buttons.less
200 silly gunzTarPerm extractEntry src/assets/less/bootstrap-2.3.2/carousel.less
201 silly gunzTarPerm extractEntry src/assets/less/bootstrap-2.3.2/close.less
202 silly gunzTarPerm extractEntry src/assets/less/bootstrap-2.3.2/code.less
203 silly gunzTarPerm extractEntry src/assets/less/bootstrap-2.3.2/component-animations.less
204 silly gunzTarPerm extractEntry src/assets/less/bootstrap-2.3.2/dropdowns.less
205 silly gunzTarPerm extractEntry src/assets/less/bootstrap-2.3.2/forms.less
206 silly gunzTarPerm extractEntry src/assets/less/bootstrap-2.3.2/grid.less
207 silly gunzTarPerm extractEntry src/assets/less/bootstrap-2.3.2/hero-unit.less
208 silly gunzTarPerm extractEntry src/assets/less/bootstrap-2.3.2/labels-badges.less
209 silly gunzTarPerm extractEntry src/assets/less/bootstrap-2.3.2/layouts.less
210 silly gunzTarPerm extractEntry src/assets/less/bootstrap-2.3.2/media.less
211 silly gunzTarPerm extractEntry src/assets/less/bootstrap-2.3.2/mixins.less
212 silly gunzTarPerm extractEntry src/assets/less/bootstrap-2.3.2/modals.less
213 silly gunzTarPerm extractEntry src/assets/less/bootstrap-2.3.2/navbar.less
214 silly gunzTarPerm extractEntry src/assets/less/bootstrap-2.3.2/alerts.less
215 silly gunzTarPerm extractEntry src/assets/less/bootstrap-2.3.2/pager.less
216 silly gunzTarPerm extractEntry src/assets/less/bootstrap-2.3.2/pagination.less
217 silly gunzTarPerm extractEntry src/assets/less/bootstrap-2.3.2/popovers.less
218 silly gunzTarPerm extractEntry src/assets/less/bootstrap-2.3.2/progress-bars.less
219 silly gunzTarPerm extractEntry src/assets/less/bootstrap-2.3.2/reset.less
220 silly gunzTarPerm extractEntry src/assets/less/bootstrap-2.3.2/responsive-1200px-min.less
221 silly gunzTarPerm extractEntry src/assets/less/bootstrap-2.3.2/responsive-767px-max.less
222 silly gunzTarPerm extractEntry src/assets/less/bootstrap-2.3.2/responsive-768px-979px.less
223 silly gunzTarPerm extractEntry src/assets/less/bootstrap-2.3.2/responsive-navbar.less
224 silly gunzTarPerm extractEntry src/assets/less/bootstrap-2.3.2/responsive-utilities.less
225 silly gunzTarPerm extractEntry src/assets/less/bootstrap-2.3.2/responsive.less
226 silly gunzTarPerm extractEntry src/assets/less/bootstrap-2.3.2/scaffolding.less
227 silly gunzTarPerm extractEntry src/assets/less/bootstrap-2.3.2/sprites.less
228 silly gunzTarPerm extractEntry src/assets/less/bootstrap-2.3.2/tables.less
229 silly gunzTarPerm extractEntry src/assets/less/bootstrap-2.3.2/thumbnails.less
230 silly gunzTarPerm extractEntry src/assets/less/bootstrap-2.3.2/tooltip.less
231 silly gunzTarPerm extractEntry src/assets/less/bootstrap-2.3.2/type.less
232 silly gunzTarPerm extractEntry src/assets/less/bootstrap-2.3.2/utilities.less
233 silly gunzTarPerm extractEntry src/assets/less/bootstrap-2.3.2/variables.less
234 silly gunzTarPerm extractEntry src/assets/less/bootstrap-2.3.2/wells.less
235 silly gunzTarPerm extractEntry src/assets/less/mixins.less
236 silly gunzTarPerm extractEntry src/assets/less/responsive-1200px-min.less
237 silly gunzTarPerm extractEntry src/assets/less/responsive-767px-max.less
238 silly gunzTarPerm extractEntry src/assets/less/lazy.less
239 silly gunzTarPerm extractEntry src/assets/less/responsive-navbar.less
240 silly gunzTarPerm extractEntry src/assets/less/responsive.less
241 silly gunzTarPerm extractEntry src/assets/less/site.less
242 silly gunzTarPerm extractEntry src/assets/less/sticky-footer.less
243 silly gunzTarPerm extractEntry src/assets/less/variables.less
244 silly gunzTarPerm extractEntry src/cheatsheet.html
245 silly gunzTarPerm extractEntry src/community.html
246 silly gunzTarPerm extractEntry src/Makefile
247 silly gunzTarPerm extractEntry src/examples.html
248 silly gunzTarPerm extractEntry src/get-started.html
249 silly gunzTarPerm extractEntry src/icons.html
250 silly gunzTarPerm extractEntry src/icons.yml
251 silly gunzTarPerm extractEntry src/index.html
252 silly gunzTarPerm extractEntry src/license.html
253 silly gunzTarPerm extractEntry src/test.html
254 silly gunzTarPerm extractEntry src/whats-new.html
255 silly gunzTarPerm extractEntry _config.yml
256 silly gunzTarPerm extractEntry .ruby-version
257 silly gunzTarPerm extractEntry css/font-awesome-ie7.css
258 silly gunzTarPerm extractEntry css/font-awesome-ie7.min.css
259 silly gunzTarPerm extractEntry css/font-awesome.css
260 silly gunzTarPerm extractEntry css/font-awesome.min.css
261 silly gunzTarPerm extractEntry font/FontAwesome.otf
262 silly gunzTarPerm extractEntry font/fontawesome-webfont.eot
263 silly gunzTarPerm extractEntry font/fontawesome-webfont.svg
264 silly gunzTarPerm extractEntry font/fontawesome-webfont.ttf
265 silly gunzTarPerm extractEntry font/fontawesome-webfont.woff
266 silly gunzTarPerm extractEntry less/bootstrap.less
267 silly gunzTarPerm extractEntry less/core.less
268 silly gunzTarPerm extractEntry less/extras.less
269 silly gunzTarPerm extractEntry less/font-awesome-ie7.less
270 silly gunzTarPerm extractEntry less/font-awesome.less
271 silly gunzTarPerm extractEntry less/icons.less
272 silly gunzTarPerm extractEntry less/mixins.less
273 silly gunzTarPerm extractEntry less/path.less
274 silly gunzTarPerm extractEntry less/variables.less
275 silly gunzTarPerm extractEntry CONTRIBUTING.md
276 silly gunzTarPerm extractEntry scss/_bootstrap.scss
277 silly gunzTarPerm extractEntry scss/_core.scss
278 silly gunzTarPerm extractEntry scss/_extras.scss
279 silly gunzTarPerm extractEntry scss/_icons.scss
280 silly gunzTarPerm extractEntry scss/_mixins.scss
281 silly gunzTarPerm extractEntry scss/_path.scss
282 silly gunzTarPerm extractEntry scss/_variables.scss
283 silly gunzTarPerm extractEntry scss/font-awesome-ie7.scss
284 silly gunzTarPerm extractEntry scss/font-awesome.scss
285 silly gunzTarPerm extractEntry composer.json
286 verbose read json /Users/nikolay/code/nodejs/sunflower/node_modules/font-awesome/package.json
287 silly lockFile 3857023a-flower-node-modules-font-awesome tar:///Users/nikolay/code/nodejs/sunflower/node_modules/font-awesome
288 silly lockFile 3857023a-flower-node-modules-font-awesome tar:///Users/nikolay/code/nodejs/sunflower/node_modules/font-awesome
289 silly lockFile 1aef356f-m-font-awesome-3-2-1-package-tgz tar:///Users/nikolay/.npm/font-awesome/3.2.1/package.tgz
290 silly lockFile 1aef356f-m-font-awesome-3-2-1-package-tgz tar:///Users/nikolay/.npm/font-awesome/3.2.1/package.tgz
291 info preinstall font-awesome@3.2.1
292 verbose from cache /Users/nikolay/code/nodejs/sunflower/node_modules/font-awesome/package.json
293 verbose readDependencies using package.json deps
294 verbose from cache /Users/nikolay/code/nodejs/sunflower/node_modules/font-awesome/package.json
295 verbose readDependencies using package.json deps
296 verbose cache add [ 'jekyll@1.0.2', null ]
297 verbose cache add name=undefined spec="jekyll@1.0.2" args=["jekyll@1.0.2",null]
298 verbose parsed url { protocol: null,
298 verbose parsed url   slashes: null,
298 verbose parsed url   auth: null,
298 verbose parsed url   host: null,
298 verbose parsed url   port: null,
298 verbose parsed url   hostname: null,
298 verbose parsed url   hash: null,
298 verbose parsed url   search: null,
298 verbose parsed url   query: null,
298 verbose parsed url   pathname: 'jekyll@1.0.2',
298 verbose parsed url   path: 'jekyll@1.0.2',
298 verbose parsed url   href: 'jekyll@1.0.2' }
299 verbose cache add name="jekyll" spec="1.0.2" args=["jekyll","1.0.2"]
300 verbose parsed url { protocol: null,
300 verbose parsed url   slashes: null,
300 verbose parsed url   auth: null,
300 verbose parsed url   host: null,
300 verbose parsed url   port: null,
300 verbose parsed url   hostname: null,
300 verbose parsed url   hash: null,
300 verbose parsed url   search: null,
300 verbose parsed url   query: null,
300 verbose parsed url   pathname: '1.0.2',
300 verbose parsed url   path: '1.0.2',
300 verbose parsed url   href: '1.0.2' }
301 verbose addNamed [ 'jekyll', '1.0.2' ]
302 verbose addNamed [ '1.0.2', '1.0.2' ]
303 silly lockFile 13fb4fe4-jekyll-1-0-2 jekyll@1.0.2
304 verbose lock jekyll@1.0.2 /Users/nikolay/.npm/13fb4fe4-jekyll-1-0-2.lock
305 verbose cache add [ 'lessc@1.3.3', null ]
306 verbose cache add name=undefined spec="lessc@1.3.3" args=["lessc@1.3.3",null]
307 verbose parsed url { protocol: null,
307 verbose parsed url   slashes: null,
307 verbose parsed url   auth: null,
307 verbose parsed url   host: null,
307 verbose parsed url   port: null,
307 verbose parsed url   hostname: null,
307 verbose parsed url   hash: null,
307 verbose parsed url   search: null,
307 verbose parsed url   query: null,
307 verbose parsed url   pathname: 'lessc@1.3.3',
307 verbose parsed url   path: 'lessc@1.3.3',
307 verbose parsed url   href: 'lessc@1.3.3' }
308 verbose cache add name="lessc" spec="1.3.3" args=["lessc","1.3.3"]
309 verbose parsed url { protocol: null,
309 verbose parsed url   slashes: null,
309 verbose parsed url   auth: null,
309 verbose parsed url   host: null,
309 verbose parsed url   port: null,
309 verbose parsed url   hostname: null,
309 verbose parsed url   hash: null,
309 verbose parsed url   search: null,
309 verbose parsed url   query: null,
309 verbose parsed url   pathname: '1.3.3',
309 verbose parsed url   path: '1.3.3',
309 verbose parsed url   href: '1.3.3' }
310 verbose addNamed [ 'lessc', '1.3.3' ]
311 verbose addNamed [ '1.3.3', '1.3.3' ]
312 silly lockFile 0f723923-lessc-1-3-3 lessc@1.3.3
313 verbose lock lessc@1.3.3 /Users/nikolay/.npm/0f723923-lessc-1-3-3.lock
314 verbose url raw jekyll/1.0.2
315 verbose url resolving [ 'https://registry.npmjs.org/', './jekyll/1.0.2' ]
316 verbose url resolved https://registry.npmjs.org/jekyll/1.0.2
317 info trying registry request attempt 1 at 13:36:18
318 http GET https://registry.npmjs.org/jekyll/1.0.2
319 verbose url raw lessc/1.3.3
320 verbose url resolving [ 'https://registry.npmjs.org/', './lessc/1.3.3' ]
321 verbose url resolved https://registry.npmjs.org/lessc/1.3.3
322 info trying registry request attempt 1 at 13:36:18
323 http GET https://registry.npmjs.org/lessc/1.3.3
324 http 404 https://registry.npmjs.org/jekyll/1.0.2
325 silly registry.get cb [ 404,
325 silly registry.get   { server: 'CouchDB/1.5.0 (Erlang OTP/R15B03)',
325 silly registry.get     date: 'Tue, 03 Dec 2013 21:36:18 GMT',
325 silly registry.get     'content-type': 'application/json',
325 silly registry.get     'content-length': '52',
325 silly registry.get     'cache-control': 'must-revalidate' } ]
326 silly lockFile 13fb4fe4-jekyll-1-0-2 jekyll@1.0.2
327 silly lockFile 13fb4fe4-jekyll-1-0-2 jekyll@1.0.2
328 verbose about to build /Users/nikolay/code/nodejs/sunflower/node_modules/font-awesome
329 info /Users/nikolay/code/nodejs/sunflower/node_modules/font-awesome unbuild
330 verbose from cache /Users/nikolay/code/nodejs/sunflower/node_modules/font-awesome/package.json
331 info preuninstall font-awesome@3.2.1
332 info uninstall font-awesome@3.2.1
333 verbose true,/Users/nikolay/code/nodejs/sunflower/node_modules,/Users/nikolay/code/nodejs/sunflower/node_modules unbuild font-awesome@3.2.1
334 info postuninstall font-awesome@3.2.1
335 http 404 https://registry.npmjs.org/lessc/1.3.3
336 silly registry.get cb [ 404,
336 silly registry.get   { server: 'CouchDB/1.5.0 (Erlang OTP/R15B03)',
336 silly registry.get     date: 'Tue, 03 Dec 2013 21:36:18 GMT',
336 silly registry.get     'content-type': 'application/json',
336 silly registry.get     'content-length': '52',
336 silly registry.get     'cache-control': 'must-revalidate' } ]
337 silly lockFile 0f723923-lessc-1-3-3 lessc@1.3.3
338 silly lockFile 0f723923-lessc-1-3-3 lessc@1.3.3
339 error 404 'jekyll' is not in the npm registry.
339 error 404 You should bug the author to publish it
339 error 404
339 error 404 Note that you can also install from a
339 error 404 tarball, folder, or http url, or git url.
340 error System Darwin 13.0.0
341 error command "node" "/usr/local/bin/npm" "install" "font-awesome" "--save"
342 error cwd /Users/nikolay/code/nodejs/sunflower
343 error node -v v0.10.11
344 error npm -v 1.2.30
345 error code E404
346 verbose exit [ 1, true ]
